<?xml version="1.0" encoding="UTF-8"?>
<robot generator="Robot 7.0 (Python 3.9.6 on darwin)" generated="2026-02-20T23:11:05.321851" rpa="false" schemaversion="5">
<suite id="s1" name="Get House Data" source="/Users/thipwara/Documents/ascend_project/tests/APIs/get_house_data.robot">
<test id="s1-t1" name="TC01 - Get house data success" line="10">
<kw name="Create Session" owner="RequestsLibrary">
<msg time="2026-02-20T23:11:05.436261" level="INFO">Creating Session using : alias=potter_api, url=https://potterapi-fedeperin.vercel.app, headers={},                     cookies={}, auth=None, timeout=None, proxies=None, verify=False,                     debug=0 </msg>
<arg>potter_api</arg>
<arg>${BASE_URL}</arg>
<doc>Create Session: create a HTTP session to a server</doc>
<status status="PASS" start="2026-02-20T23:11:05.436103" elapsed="0.001276"/>
</kw>
<kw name="GET On Session" owner="RequestsLibrary">
<msg time="2026-02-20T23:11:05.831372" level="INFO">GET Request : url=https://potterapi-fedeperin.vercel.app/en/houses?index=3 
 path_url=/en/houses?index=3 
 headers={'User-Agent': 'python-requests/2.32.5', 'Accept-Encoding': 'gzip, deflate', 'Accept': '*/*', 'Connection': 'keep-alive'} 
 body=None 
 </msg>
<msg time="2026-02-20T23:11:05.832414" level="INFO">GET Response : url=https://potterapi-fedeperin.vercel.app/en/houses?index=3 
 status=200, reason=OK 
 headers={'Access-Control-Allow-Credentials': 'true', 'Access-Control-Allow-Headers': 'X-CSRF-Token, X-Requested-With, Accept, Accept-Version, Content-Length, Content-MD5, Content-Type, Date, X-Api-Version', 'Access-Control-Allow-Methods': 'GET,OPTIONS,PATCH,DELETE,POST,PUT', 'Access-Control-Allow-Origin': '*', 'Age': '0', 'Cache-Control': 'public, max-age=0, must-revalidate', 'Content-Length': '121', 'Content-Type': 'application/json; charset=utf-8', 'Date': 'Fri, 20 Feb 2026 16:11:05 GMT', 'Etag': 'W/"79-ok+sZMUvugXGvWyoIls67pBgnzw"', 'Server': 'Vercel', 'Strict-Transport-Security': 'max-age=63072000; includeSubDomains; preload', 'X-Powered-By': 'Express', 'X-Vercel-Cache': 'MISS', 'X-Vercel-Id': 'sin1::iad1::pkwpz-1771603865651-f330830f778a'} 
 body={"house":"Slytherin","emoji":"🐍","founder":"Salazar Slytherin","colors":["green","silver"],"animal":"Snake","index":3} 
 </msg>
<msg time="2026-02-20T23:11:05.832934" level="INFO">/Users/thipwara/Documents/ascend_project/venv/lib/python3.9/site-packages/urllib3/connectionpool.py:1097: InsecureRequestWarning: Unverified HTTPS request is being made to host 'potterapi-fedeperin.vercel.app'. Adding certificate verification is strongly advised. See: https://urllib3.readthedocs.io/en/latest/advanced-usage.html#tls-warnings
  warnings.warn(</msg>
<msg time="2026-02-20T23:11:05.833624" level="INFO">${response} = &lt;Response [200]&gt;</msg>
<var>${response}</var>
<arg>potter_api</arg>
<arg>${ENDPOINT}</arg>
<arg>params=index=${INDEX}</arg>
<doc>Sends a GET request on a previously created HTTP Session.</doc>
<status status="PASS" start="2026-02-20T23:11:05.437899" elapsed="0.395940"/>
</kw>
<kw name="Should Be Equal As Numbers" owner="BuiltIn">
<msg time="2026-02-20T23:11:05.835806" level="INFO">Argument types are:
&lt;class 'int'&gt;
&lt;class 'str'&gt;</msg>
<arg>${response.status_code}</arg>
<arg>200</arg>
<doc>Fails if objects are unequal after converting them to real numbers.</doc>
<status status="PASS" start="2026-02-20T23:11:05.834641" elapsed="0.001411"/>
</kw>
<kw name="Set Variable" owner="BuiltIn">
<msg time="2026-02-20T23:11:05.837373" level="INFO">${body} = {'house': 'Slytherin', 'emoji': '🐍', 'founder': 'Salazar Slytherin', 'colors': ['green', 'silver'], 'animal': 'Snake', 'index': 3}</msg>
<var>${body}</var>
<arg>${response.json()}</arg>
<doc>Returns the given values which can then be assigned to a variables.</doc>
<status status="PASS" start="2026-02-20T23:11:05.836466" elapsed="0.001053"/>
</kw>
<kw name="Set Variable" owner="BuiltIn">
<msg time="2026-02-20T23:11:05.838302" level="INFO">${colors} = ['green', 'silver']</msg>
<var>${colors}</var>
<arg>${body}[colors]</arg>
<doc>Returns the given values which can then be assigned to a variables.</doc>
<status status="PASS" start="2026-02-20T23:11:05.837886" elapsed="0.000551"/>
</kw>
<kw name="Verify Get House Data Success" owner="get_house_data_keyword">
<kw name="Should Be Equal As Strings" owner="BuiltIn">
<arg>${body}[house]</arg>
<arg>${EXPECTED_HOUSE}</arg>
<doc>Fails if objects are unequal after converting them to strings.</doc>
<status status="PASS" start="2026-02-20T23:11:05.839990" elapsed="0.000691"/>
</kw>
<kw name="Should Be Equal As Strings" owner="BuiltIn">
<arg>${body}[emoji]</arg>
<arg>${EXPECTED_EMOJI}</arg>
<doc>Fails if objects are unequal after converting them to strings.</doc>
<status status="PASS" start="2026-02-20T23:11:05.840965" elapsed="0.000382"/>
</kw>
<kw name="Should Be Equal As Strings" owner="BuiltIn">
<arg>${body}[founder]</arg>
<arg>${EXPECTED_FOUNDER}</arg>
<doc>Fails if objects are unequal after converting them to strings.</doc>
<status status="PASS" start="2026-02-20T23:11:05.841567" elapsed="0.000353"/>
</kw>
<kw name="Should Be Equal As Strings" owner="BuiltIn">
<arg>${body}[animal]</arg>
<arg>${EXPECTED_ANIMAL}</arg>
<doc>Fails if objects are unequal after converting them to strings.</doc>
<status status="PASS" start="2026-02-20T23:11:05.842122" elapsed="0.000321"/>
</kw>
<kw name="Should Be Equal As Numbers" owner="BuiltIn">
<arg>${body}[index]</arg>
<arg>${EXPECTED_INDEX}</arg>
<doc>Fails if objects are unequal after converting them to real numbers.</doc>
<status status="PASS" start="2026-02-20T23:11:05.842657" elapsed="0.000339"/>
</kw>
<kw name="List Should Contain Value" owner="Collections">
<msg time="2026-02-20T23:11:05.843502" level="INFO">False</msg>
<arg>${colors}</arg>
<arg>green</arg>
<doc>Fails if the ``value`` is not found from ``list``.</doc>
<status status="PASS" start="2026-02-20T23:11:05.843197" elapsed="0.001609"/>
</kw>
<kw name="List Should Contain Value" owner="Collections">
<msg time="2026-02-20T23:11:05.845708" level="INFO">False</msg>
<arg>${colors}</arg>
<arg>silver</arg>
<doc>Fails if the ``value`` is not found from ``list``.</doc>
<status status="PASS" start="2026-02-20T23:11:05.845151" elapsed="0.000729"/>
</kw>
<arg>${body}</arg>
<arg>${colors}</arg>
<status status="PASS" start="2026-02-20T23:11:05.839068" elapsed="0.007055"/>
</kw>
<doc>To verify get house data api will return correct data.</doc>
<tag>api</tag>
<tag>positive</tag>
<status status="PASS" start="2026-02-20T23:11:05.435447" elapsed="0.411384"/>
</test>
<doc>Test suite for Potter API - GET House Data by index
Endpoint: GET https://potterapi-fedeperin.vercel.app/en/houses?index=3</doc>
<status status="PASS" start="2026-02-20T23:11:05.323410" elapsed="0.525205"/>
</suite>
<statistics>
<total>
<stat pass="1" fail="0" skip="0">All Tests</stat>
</total>
<tag>
<stat pass="1" fail="0" skip="0">api</stat>
<stat pass="1" fail="0" skip="0">positive</stat>
</tag>
<suite>
<stat pass="1" fail="0" skip="0" id="s1" name="Get House Data">Get House Data</stat>
</suite>
</statistics>
<errors>
</errors>
</robot>
